2024-12-10 11:15:04
Failed to retrieval paper.
Yan, E., Zhang, T., Yu, J., Hao, T., Chen, Q., 2024. A preliminary study on few-shot knowledge reasoning mechanism based on three-way partial order structure. Information Sciences 665, 120366. https://doi.org/10.1016/j.ins.2024.120366
https://scholar.google.com.hk/scholar?hl=zh-CN&as_sdt=0%2C5&q=Yan,+E.,+Zhang,+T.,+Yu,+J.,+Hao,+T.,+Chen,+Q.,+2024.+A+preliminary+study+on+few-shot+knowledge+reasoning+mechanism+based+on+three-way+partial+order+structure.+Information+Sciences+665,+120366.+https://doi.org/10.1016/j.ins.2024.120366&btnG=
Message: Unable to locate element: /html/body/div/div[10]/div[2]/div[3]/div[2]/div[1]; For documentation on this error, please visit: https://www.selenium.dev/documentation/webdriver/troubleshooting/errors#no-such-element-exception
Stacktrace:
RemoteError@chrome://remote/content/shared/RemoteError.sys.mjs:8:8
WebDriverError@chrome://remote/content/shared/webdriver/Errors.sys.mjs:193:5
NoSuchElementError@chrome://remote/content/shared/webdriver/Errors.sys.mjs:511:5
dom.find/</<@chrome://remote/content/shared/DOM.sys.mjs:136:16

2024-12-10 11:15:05
Failed to retrieval paper.
Attention is all you need
https://scholar.google.com.hk/scholar?hl=zh-CN&as_sdt=0%2C5&q=Attention+is+all+you+need&btnG=
Message: Unable to locate element: /html/body/div/div[10]/div[2]/div[3]/div[2]/div[1]; For documentation on this error, please visit: https://www.selenium.dev/documentation/webdriver/troubleshooting/errors#no-such-element-exception
Stacktrace:
RemoteError@chrome://remote/content/shared/RemoteError.sys.mjs:8:8
WebDriverError@chrome://remote/content/shared/webdriver/Errors.sys.mjs:193:5
NoSuchElementError@chrome://remote/content/shared/webdriver/Errors.sys.mjs:511:5
dom.find/</<@chrome://remote/content/shared/DOM.sys.mjs:136:16

